0 silly input []
1 silly flags {
1 silly flags   _: [ 'bootstrap' ],
1 silly flags   'reject-cycles': false,
1 silly flags   rejectCycles: false,
1 silly flags   args: []
1 silly flags }
2 verbose rootPath /var/www
3 info version 2.11.0
4 silly existsSync /var/www/VERSION
5 silly initialize attempt
6 silly npmConfig {
6 silly npmConfig   registry: undefined,
6 silly npmConfig   npmClient: 'yarn',
6 silly npmConfig   npmClientArgs: undefined,
6 silly npmConfig   mutex: 'network:42424'
6 silly npmConfig }
7 silly initialize success
8 silly execute attempt
9 info Bootstrapping 7 packages
10 info lifecycle preinstall
11 silly runScript preinstall admin-module
12 silly admin-module
13 silly runScript preinstall category-module
14 silly category-module
15 silly runScript preinstall media-module
16 silly media-module
17 silly runScript preinstall menu-module
18 silly menu-module
19 silly runScript preinstall translation-module
20 silly translation-module
21 silly runScript preinstall user-module
22 silly user-module
23 silly runScript preinstall storefront-theme
24 silly storefront-theme
25 silly hasDependencyInstalled storefront-theme rtlcss
26 silly dependencyIsSatisfied [ 'rtlcss', '^2.4.0', '/var/www/Themes/Storefront/node_modules' ]
27 verbose dependencyIsSatisfied rtlcss false
28 silly hasDependencyInstalled admin-module bootstrap
29 silly dependencyIsSatisfied [ 'bootstrap', '^3.3.7', '/var/www/Modules/Admin/node_modules' ]
30 verbose dependencyIsSatisfied bootstrap false
31 silly hasDependencyInstalled storefront-theme bootstrap
32 silly dependencyIsSatisfied [ 'bootstrap', '4.3.1', '/var/www/Themes/Storefront/node_modules' ]
33 verbose dependencyIsSatisfied bootstrap false
34 silly hasDependencyInstalled admin-module chart.js
35 silly dependencyIsSatisfied [ 'chart.js', '^2.7.3', '/var/www/Modules/Admin/node_modules' ]
36 verbose dependencyIsSatisfied chart.js false
37 silly hasDependencyInstalled admin-module datatables.net
38 silly dependencyIsSatisfied [ 'datatables.net', '^1.10.15', '/var/www/Modules/Admin/node_modules' ]
39 verbose dependencyIsSatisfied datatables.net false
40 silly hasDependencyInstalled admin-module datatables.net-bs
41 silly dependencyIsSatisfied [
41 silly dependencyIsSatisfied   'datatables.net-bs',
41 silly dependencyIsSatisfied   '^1.10.15',
41 silly dependencyIsSatisfied   '/var/www/Modules/Admin/node_modules'
41 silly dependencyIsSatisfied ]
42 verbose dependencyIsSatisfied datatables.net-bs false
43 silly hasDependencyInstalled admin-module flatpickr
44 silly dependencyIsSatisfied [ 'flatpickr', '^3.0.6', '/var/www/Modules/Admin/node_modules' ]
45 verbose dependencyIsSatisfied flatpickr false
46 silly hasDependencyInstalled storefront-theme flatpickr
47 silly dependencyIsSatisfied [ 'flatpickr', '^4.6.3', '/var/www/Themes/Storefront/node_modules' ]
48 verbose dependencyIsSatisfied flatpickr false
49 silly hasDependencyInstalled admin-module font-awesome
50 silly dependencyIsSatisfied [ 'font-awesome', '^4.7.0', '/var/www/Modules/Admin/node_modules' ]
51 verbose dependencyIsSatisfied font-awesome false
52 silly hasDependencyInstalled admin-module jquery
53 silly dependencyIsSatisfied [ 'jquery', '^3.2.1', '/var/www/Modules/Admin/node_modules' ]
54 verbose dependencyIsSatisfied jquery false
55 silly hasDependencyInstalled storefront-theme jquery
56 silly dependencyIsSatisfied [ 'jquery', '^3.4.1', '/var/www/Themes/Storefront/node_modules' ]
57 verbose dependencyIsSatisfied jquery false
58 silly hasDependencyInstalled admin-module jquery-slimscroll
59 silly dependencyIsSatisfied [
59 silly dependencyIsSatisfied   'jquery-slimscroll',
59 silly dependencyIsSatisfied   '^1.3.8',
59 silly dependencyIsSatisfied   '/var/www/Modules/Admin/node_modules'
59 silly dependencyIsSatisfied ]
60 verbose dependencyIsSatisfied jquery-slimscroll false
61 silly hasDependencyInstalled admin-module lodash
62 silly dependencyIsSatisfied [ 'lodash', '^4.17.4', '/var/www/Modules/Admin/node_modules' ]
63 verbose dependencyIsSatisfied lodash false
64 silly hasDependencyInstalled admin-module mousetrap
65 silly dependencyIsSatisfied [ 'mousetrap', '^1.6.1', '/var/www/Modules/Admin/node_modules' ]
66 verbose dependencyIsSatisfied mousetrap false
67 silly hasDependencyInstalled admin-module nprogress
68 silly dependencyIsSatisfied [ 'nprogress', '^0.2.0', '/var/www/Modules/Admin/node_modules' ]
69 verbose dependencyIsSatisfied nprogress false
70 silly hasDependencyInstalled admin-module selectize
71 silly dependencyIsSatisfied [ 'selectize', '^0.12.6', '/var/www/Modules/Admin/node_modules' ]
72 verbose dependencyIsSatisfied selectize false
73 silly hasDependencyInstalled admin-module sortablejs
74 silly dependencyIsSatisfied [
74 silly dependencyIsSatisfied   'sortablejs',
74 silly dependencyIsSatisfied   'https://github.com/RubaXa/Sortable',
74 silly dependencyIsSatisfied   '/var/www/Modules/Admin/node_modules'
74 silly dependencyIsSatisfied ]
75 verbose dependencyIsSatisfied sortablejs false
76 silly hasDependencyInstalled admin-module tinymce
77 silly dependencyIsSatisfied [ 'tinymce', '^5.2.2', '/var/www/Modules/Admin/node_modules' ]
78 verbose dependencyIsSatisfied tinymce false
79 silly hasDependencyInstalled category-module jstree
80 silly dependencyIsSatisfied [ 'jstree', '^3.3.9', '/var/www/Modules/Category/node_modules' ]
81 verbose dependencyIsSatisfied jstree false
82 silly hasDependencyInstalled media-module dropzone
83 silly dependencyIsSatisfied [ 'dropzone', '^5.4.0', '/var/www/Modules/Media/node_modules' ]
84 verbose dependencyIsSatisfied dropzone false
85 silly hasDependencyInstalled menu-module nestable2
86 silly dependencyIsSatisfied [ 'nestable2', '^1.6.0', '/var/www/Modules/Menu/node_modules' ]
87 verbose dependencyIsSatisfied nestable2 false
88 silly hasDependencyInstalled translation-module x-editable
89 silly dependencyIsSatisfied [ 'x-editable', '^1.5.1', '/var/www/Modules/Translation/node_modules' ]
90 verbose dependencyIsSatisfied x-editable false
91 silly hasDependencyInstalled storefront-theme animate.css
92 silly dependencyIsSatisfied [ 'animate.css', '^4.1.1', '/var/www/Themes/Storefront/node_modules' ]
93 verbose dependencyIsSatisfied animate.css false
94 silly hasDependencyInstalled storefront-theme jquery-nice-select
95 silly dependencyIsSatisfied [
95 silly dependencyIsSatisfied   'jquery-nice-select',
95 silly dependencyIsSatisfied   '^1.1.0',
95 silly dependencyIsSatisfied   '/var/www/Themes/Storefront/node_modules'
95 silly dependencyIsSatisfied ]
96 verbose dependencyIsSatisfied jquery-nice-select false
97 silly hasDependencyInstalled storefront-theme jquery-zoom
98 silly dependencyIsSatisfied [ 'jquery-zoom', '^1.7.21', '/var/www/Themes/Storefront/node_modules' ]
99 verbose dependencyIsSatisfied jquery-zoom false
100 silly hasDependencyInstalled storefront-theme kbw-countdown
101 silly dependencyIsSatisfied [
101 silly dependencyIsSatisfied   'kbw-countdown',
101 silly dependencyIsSatisfied   'https://github.com/kbwood/countdown.git',
101 silly dependencyIsSatisfied   '/var/www/Themes/Storefront/node_modules'
101 silly dependencyIsSatisfied ]
102 verbose dependencyIsSatisfied kbw-countdown false
103 silly hasDependencyInstalled storefront-theme line-awesome
104 silly dependencyIsSatisfied [ 'line-awesome', '^1.3.0', '/var/www/Themes/Storefront/node_modules' ]
105 verbose dependencyIsSatisfied line-awesome false
106 silly hasDependencyInstalled storefront-theme nouislider
107 silly dependencyIsSatisfied [ 'nouislider', '^14.1.1', '/var/www/Themes/Storefront/node_modules' ]
108 verbose dependencyIsSatisfied nouislider false
109 silly hasDependencyInstalled storefront-theme popper.js
110 silly dependencyIsSatisfied [ 'popper.js', '^1.15.0', '/var/www/Themes/Storefront/node_modules' ]
111 verbose dependencyIsSatisfied popper.js false
112 silly hasDependencyInstalled storefront-theme slick-carousel
113 silly dependencyIsSatisfied [
113 silly dependencyIsSatisfied   'slick-carousel',
113 silly dependencyIsSatisfied   '^1.8.1',
113 silly dependencyIsSatisfied   '/var/www/Themes/Storefront/node_modules'
113 silly dependencyIsSatisfied ]
114 verbose dependencyIsSatisfied slick-carousel false
115 silly hasDependencyInstalled storefront-theme slick-lightbox
116 silly dependencyIsSatisfied [
116 silly dependencyIsSatisfied   'slick-lightbox',
116 silly dependencyIsSatisfied   '^0.2.12',
116 silly dependencyIsSatisfied   '/var/www/Themes/Storefront/node_modules'
116 silly dependencyIsSatisfied ]
117 verbose dependencyIsSatisfied slick-lightbox false
118 silly hasDependencyInstalled storefront-theme v-click-outside
119 silly dependencyIsSatisfied [
119 silly dependencyIsSatisfied   'v-click-outside',
119 silly dependencyIsSatisfied   '^3.0.1',
119 silly dependencyIsSatisfied   '/var/www/Themes/Storefront/node_modules'
119 silly dependencyIsSatisfied ]
120 verbose dependencyIsSatisfied v-click-outside false
121 silly hasDependencyInstalled storefront-theme vue
122 silly dependencyIsSatisfied [ 'vue', '2.7.14', '/var/www/Themes/Storefront/node_modules' ]
123 verbose dependencyIsSatisfied vue false
124 silly hasDependencyInstalled storefront-theme vue-toast-notification
125 silly dependencyIsSatisfied [
125 silly dependencyIsSatisfied   'vue-toast-notification',
125 silly dependencyIsSatisfied   '0.6.3',
125 silly dependencyIsSatisfied   '/var/www/Themes/Storefront/node_modules'
125 silly dependencyIsSatisfied ]
126 verbose dependencyIsSatisfied vue-toast-notification false
127 silly root dependencies []
128 silly leaf dependencies {
128 silly leaf dependencies   "storefront-theme": [
128 silly leaf dependencies     {
128 silly leaf dependencies       "dependency": "rtlcss@^2.4.0",
128 silly leaf dependencies       "isSatisfied": false
128 silly leaf dependencies     },
128 silly leaf dependencies     {
128 silly leaf dependencies       "dependency": "bootstrap@4.3.1",
128 silly leaf dependencies       "isSatisfied": false
128 silly leaf dependencies     },
128 silly leaf dependencies     {
128 silly leaf dependencies       "dependency": "flatpickr@^4.6.3",
128 silly leaf dependencies       "isSatisfied": false
128 silly leaf dependencies     },
128 silly leaf dependencies     {
128 silly leaf dependencies       "dependency": "jquery@^3.4.1",
128 silly leaf dependencies       "isSatisfied": false
128 silly leaf dependencies     },
128 silly leaf dependencies     {
128 silly leaf dependencies       "dependency": "animate.css@^4.1.1",
128 silly leaf dependencies       "isSatisfied": false
128 silly leaf dependencies     },
128 silly leaf dependencies     {
128 silly leaf dependencies       "dependency": "jquery-nice-select@^1.1.0",
128 silly leaf dependencies       "isSatisfied": false
128 silly leaf dependencies     },
128 silly leaf dependencies     {
128 silly leaf dependencies       "dependency": "jquery-zoom@^1.7.21",
128 silly leaf dependencies       "isSatisfied": false
128 silly leaf dependencies     },
128 silly leaf dependencies     {
128 silly leaf dependencies       "dependency": "kbw-countdown@https://github.com/kbwood/countdown.git",
128 silly leaf dependencies       "isSatisfied": false
128 silly leaf dependencies     },
128 silly leaf dependencies     {
128 silly leaf dependencies       "dependency": "line-awesome@^1.3.0",
128 silly leaf dependencies       "isSatisfied": false
128 silly leaf dependencies     },
128 silly leaf dependencies     {
128 silly leaf dependencies       "dependency": "nouislider@^14.1.1",
128 silly leaf dependencies       "isSatisfied": false
128 silly leaf dependencies     },
128 silly leaf dependencies     {
128 silly leaf dependencies       "dependency": "popper.js@^1.15.0",
128 silly leaf dependencies       "isSatisfied": false
128 silly leaf dependencies     },
128 silly leaf dependencies     {
128 silly leaf dependencies       "dependency": "slick-carousel@^1.8.1",
128 silly leaf dependencies       "isSatisfied": false
128 silly leaf dependencies     },
128 silly leaf dependencies     {
128 silly leaf dependencies       "dependency": "slick-lightbox@^0.2.12",
128 silly leaf dependencies       "isSatisfied": false
128 silly leaf dependencies     },
128 silly leaf dependencies     {
128 silly leaf dependencies       "dependency": "v-click-outside@^3.0.1",
128 silly leaf dependencies       "isSatisfied": false
128 silly leaf dependencies     },
128 silly leaf dependencies     {
128 silly leaf dependencies       "dependency": "vue@2.7.14",
128 silly leaf dependencies       "isSatisfied": false
128 silly leaf dependencies     },
128 silly leaf dependencies     {
128 silly leaf dependencies       "dependency": "vue-toast-notification@0.6.3",
128 silly leaf dependencies       "isSatisfied": false
128 silly leaf dependencies     }
128 silly leaf dependencies   ],
128 silly leaf dependencies   "admin-module": [
128 silly leaf dependencies     {
128 silly leaf dependencies       "dependency": "bootstrap@^3.3.7",
128 silly leaf dependencies       "isSatisfied": false
128 silly leaf dependencies     },
128 silly leaf dependencies     {
128 silly leaf dependencies       "dependency": "chart.js@^2.7.3",
128 silly leaf dependencies       "isSatisfied": false
128 silly leaf dependencies     },
128 silly leaf dependencies     {
128 silly leaf dependencies       "dependency": "datatables.net@^1.10.15",
128 silly leaf dependencies       "isSatisfied": false
128 silly leaf dependencies     },
128 silly leaf dependencies     {
128 silly leaf dependencies       "dependency": "datatables.net-bs@^1.10.15",
128 silly leaf dependencies       "isSatisfied": false
128 silly leaf dependencies     },
128 silly leaf dependencies     {
128 silly leaf dependencies       "dependency": "flatpickr@^3.0.6",
128 silly leaf dependencies       "isSatisfied": false
128 silly leaf dependencies     },
128 silly leaf dependencies     {
128 silly leaf dependencies       "dependency": "font-awesome@^4.7.0",
128 silly leaf dependencies       "isSatisfied": false
128 silly leaf dependencies     },
128 silly leaf dependencies     {
128 silly leaf dependencies       "dependency": "jquery@^3.2.1",
128 silly leaf dependencies       "isSatisfied": false
128 silly leaf dependencies     },
128 silly leaf dependencies     {
128 silly leaf dependencies       "dependency": "jquery-slimscroll@^1.3.8",
128 silly leaf dependencies       "isSatisfied": false
128 silly leaf dependencies     },
128 silly leaf dependencies     {
128 silly leaf dependencies       "dependency": "lodash@^4.17.4",
128 silly leaf dependencies       "isSatisfied": false
128 silly leaf dependencies     },
128 silly leaf dependencies     {
128 silly leaf dependencies       "dependency": "mousetrap@^1.6.1",
128 silly leaf dependencies       "isSatisfied": false
128 silly leaf dependencies     },
128 silly leaf dependencies     {
128 silly leaf dependencies       "dependency": "nprogress@^0.2.0",
128 silly leaf dependencies       "isSatisfied": false
128 silly leaf dependencies     },
128 silly leaf dependencies     {
128 silly leaf dependencies       "dependency": "selectize@^0.12.6",
128 silly leaf dependencies       "isSatisfied": false
128 silly leaf dependencies     },
128 silly leaf dependencies     {
128 silly leaf dependencies       "dependency": "sortablejs@https://github.com/RubaXa/Sortable",
128 silly leaf dependencies       "isSatisfied": false
128 silly leaf dependencies     },
128 silly leaf dependencies     {
128 silly leaf dependencies       "dependency": "tinymce@^5.2.2",
128 silly leaf dependencies       "isSatisfied": false
128 silly leaf dependencies     }
128 silly leaf dependencies   ],
128 silly leaf dependencies   "category-module": [
128 silly leaf dependencies     {
128 silly leaf dependencies       "dependency": "jstree@^3.3.9",
128 silly leaf dependencies       "isSatisfied": false
128 silly leaf dependencies     }
128 silly leaf dependencies   ],
128 silly leaf dependencies   "media-module": [
128 silly leaf dependencies     {
128 silly leaf dependencies       "dependency": "dropzone@^5.4.0",
128 silly leaf dependencies       "isSatisfied": false
128 silly leaf dependencies     }
128 silly leaf dependencies   ],
128 silly leaf dependencies   "menu-module": [
128 silly leaf dependencies     {
128 silly leaf dependencies       "dependency": "nestable2@^1.6.0",
128 silly leaf dependencies       "isSatisfied": false
128 silly leaf dependencies     }
128 silly leaf dependencies   ],
128 silly leaf dependencies   "translation-module": [
128 silly leaf dependencies     {
128 silly leaf dependencies       "dependency": "x-editable@^1.5.1",
128 silly leaf dependencies       "isSatisfied": false
128 silly leaf dependencies     }
128 silly leaf dependencies   ]
128 silly leaf dependencies }
129 info Installing external dependencies
130 verbose actions 6 actions, concurrency 4
131 silly installInDir Storefront [
131 silly installInDir   'rtlcss@^2.4.0',
131 silly installInDir   'bootstrap@4.3.1',
131 silly installInDir   'flatpickr@^4.6.3',
131 silly installInDir   'jquery@^3.4.1',
131 silly installInDir   'animate.css@^4.1.1',
131 silly installInDir   'jquery-nice-select@^1.1.0',
131 silly installInDir   'jquery-zoom@^1.7.21',
131 silly installInDir   'kbw-countdown@https://github.com/kbwood/countdown.git',
131 silly installInDir   'line-awesome@^1.3.0',
131 silly installInDir   'nouislider@^14.1.1',
131 silly installInDir   'popper.js@^1.15.0',
131 silly installInDir   'slick-carousel@^1.8.1',
131 silly installInDir   'slick-lightbox@^0.2.12',
131 silly installInDir   'v-click-outside@^3.0.1',
131 silly installInDir   'vue@2.7.14',
131 silly installInDir   'vue-toast-notification@0.6.3'
131 silly installInDir ]
132 silly installInDir backup /var/www/Themes/Storefront/package.json
133 silly rename [
133 silly rename   '/var/www/Themes/Storefront/package.json',
133 silly rename   '/var/www/Themes/Storefront/package.json.lerna_backup'
133 silly rename ]
134 silly installInDir Admin [
134 silly installInDir   'bootstrap@^3.3.7',
134 silly installInDir   'chart.js@^2.7.3',
134 silly installInDir   'datatables.net@^1.10.15',
134 silly installInDir   'datatables.net-bs@^1.10.15',
134 silly installInDir   'flatpickr@^3.0.6',
134 silly installInDir   'font-awesome@^4.7.0',
134 silly installInDir   'jquery@^3.2.1',
134 silly installInDir   'jquery-slimscroll@^1.3.8',
134 silly installInDir   'lodash@^4.17.4',
134 silly installInDir   'mousetrap@^1.6.1',
134 silly installInDir   'nprogress@^0.2.0',
134 silly installInDir   'selectize@^0.12.6',
134 silly installInDir   'sortablejs@https://github.com/RubaXa/Sortable',
134 silly installInDir   'tinymce@^5.2.2'
134 silly installInDir ]
135 silly installInDir backup /var/www/Modules/Admin/package.json
136 silly rename [
136 silly rename   '/var/www/Modules/Admin/package.json',
136 silly rename   '/var/www/Modules/Admin/package.json.lerna_backup'
136 silly rename ]
137 silly installInDir Category [ 'jstree@^3.3.9' ]
138 silly installInDir backup /var/www/Modules/Category/package.json
139 silly rename [
139 silly rename   '/var/www/Modules/Category/package.json',
139 silly rename   '/var/www/Modules/Category/package.json.lerna_backup'
139 silly rename ]
140 silly installInDir Media [ 'dropzone@^5.4.0' ]
141 silly installInDir backup /var/www/Modules/Media/package.json
142 silly rename [
142 silly rename   '/var/www/Modules/Media/package.json',
142 silly rename   '/var/www/Modules/Media/package.json.lerna_backup'
142 silly rename ]
143 silly installInDir writing tempJson { dependencies: { dropzone: '^5.4.0' } }
144 silly installInDir writing tempJson { dependencies: { jstree: '^3.3.9' } }
145 silly installInDir writing tempJson {
145 silly installInDir   dependencies: {
145 silly installInDir     rtlcss: '^2.4.0',
145 silly installInDir     bootstrap: '4.3.1',
145 silly installInDir     flatpickr: '^4.6.3',
145 silly installInDir     jquery: '^3.4.1',
145 silly installInDir     'animate.css': '^4.1.1',
145 silly installInDir     'jquery-nice-select': '^1.1.0',
145 silly installInDir     'jquery-zoom': '^1.7.21',
145 silly installInDir     'kbw-countdown': 'https://github.com/kbwood/countdown.git',
145 silly installInDir     'line-awesome': '^1.3.0',
145 silly installInDir     nouislider: '^14.1.1',
145 silly installInDir     'popper.js': '^1.15.0',
145 silly installInDir     'slick-carousel': '^1.8.1',
145 silly installInDir     'slick-lightbox': '^0.2.12',
145 silly installInDir     'v-click-outside': '^3.0.1',
145 silly installInDir     vue: '2.7.14',
145 silly installInDir     'vue-toast-notification': '0.6.3'
145 silly installInDir   }
145 silly installInDir }
146 silly installInDir writing tempJson {
146 silly installInDir   dependencies: {
146 silly installInDir     bootstrap: '^3.3.7',
146 silly installInDir     'chart.js': '^2.7.3',
146 silly installInDir     'datatables.net': '^1.10.15',
146 silly installInDir     'datatables.net-bs': '^1.10.15',
146 silly installInDir     flatpickr: '^3.0.6',
146 silly installInDir     'font-awesome': '^4.7.0',
146 silly installInDir     jquery: '^3.2.1',
146 silly installInDir     'jquery-slimscroll': '^1.3.8',
146 silly installInDir     lodash: '^4.17.4',
146 silly installInDir     mousetrap: '^1.6.1',
146 silly installInDir     nprogress: '^0.2.0',
146 silly installInDir     selectize: '^0.12.6',
146 silly installInDir     sortablejs: 'https://github.com/RubaXa/Sortable',
146 silly installInDir     tinymce: '^5.2.2'
146 silly installInDir   }
146 silly installInDir }
147 silly getExecOpts { cwd: '/var/www/Modules/Admin' }
148 silly installInDir [
148 silly installInDir   'yarn',
148 silly installInDir   [ 'install', '--mutex', 'network:42424', '--non-interactive' ]
148 silly installInDir ]
149 silly getExecOpts { cwd: '/var/www/Modules/Media' }
150 silly installInDir [
150 silly installInDir   'yarn',
150 silly installInDir   [ 'install', '--mutex', 'network:42424', '--non-interactive' ]
150 silly installInDir ]
151 silly getExecOpts { cwd: '/var/www/Themes/Storefront' }
152 silly installInDir [
152 silly installInDir   'yarn',
152 silly installInDir   [ 'install', '--mutex', 'network:42424', '--non-interactive' ]
152 silly installInDir ]
153 silly getExecOpts { cwd: '/var/www/Modules/Category' }
154 silly installInDir [
154 silly installInDir   'yarn',
154 silly installInDir   [ 'install', '--mutex', 'network:42424', '--non-interactive' ]
154 silly installInDir ]
155 silly installInDir cleanup /var/www/Modules/Admin/package.json
156 silly renameSync [
156 silly renameSync   '/var/www/Modules/Admin/package.json.lerna_backup',
156 silly renameSync   '/var/www/Modules/Admin/package.json'
156 silly renameSync ]
157 verbose installed leaf admin-module
158 error execute callback with error
159 error Error: Command failed: yarn install --mutex network:42424 --non-interactive
159 error Usage: yarn [options]
159 error
159 error yarn: error: no such option: --mutex
159 error
159 error     at /var/www/node_modules/lerna/node_modules/execa/index.js:236:11
